<?xml version="1.0" encoding="UTF-8"?>
<!-- Generated by org.testng.reporters.JUnitXMLReporter -->
<testsuite hostname="LAPTOP-KPEO1V76" ignored="0" name="Command line test" tests="1" failures="1" timestamp="03 Dec 2021 19:38:42 GMT" time="44.144" errors="0">
  <testcase name="m1" time="39.225" classname="endToEndFlow.Testcases">
    <failure type="java.lang.AssertionError" message="expected [true] but found [false]">
      <![CDATA[java.lang.AssertionError: expected [true] but found [false]
at endToEndFlow.Testcases.m1(Testcases.java:86)
at endToEndFlow.TestRunner.main(TestRunner.java:24)
... Removed 26 stack frames]]>
    </failure>
  </testcase> <!-- m1 -->
</testsuite> <!-- Command line test -->
